$ node data-entry-bot.js
Login...
login_res.status() 200

Task 1. (op id: 17)
  start parse
  author: RAZKA - OFCRA
  save verified data

Task 2. (op id: 18)
  start parse
  author: RAZKA - OFCRA
  save verified data

Task 3. (op id: 19)
  start parse
  author: RAZKA - OFCRA
  save verified data

Task 4. (op id: 21)
  start parse
  author: Razka - OFCRA
  save verified data

Task 5. (op id: 22)
  start parse
  author: Razka - OFCRA
  save verified data

Task 6. (op id: 24)
  start parse
  author: Mrwhite350
  save verified data

Task 7. (op id: 28)
  start parse
  author: Mrwhite350
  save verified data

Task 8. (op id: 47)
  start parse
  author: RuskOFF
  save verified data

Task 9. (op id: 52)
  start parse
  author: Mrwhite350
  save verified data

Task 10. (op id: 53)
  start parse
  author: Mrwhite350
  save verified data

Task 11. (op id: 54)
  start parse
  author: Mrwhite350
  save verified data

Task 12. (op id: 94)
  start parse
  author: Mrwhite350
  save verified data

Task 13. (op id: 97)
  start parse
  author: Mrwhite350
  save verified data

Task 14. (op id: 100)
  start parse
  author: RuskOFF
  save verified data

Task 15. (op id: 101)
  start parse
  author: RuskOFF
  save verified data

Task 16. (op id: 107)
  start parse
  author: Mrwhite350
  save verified data

Task 17. (op id: 110)
  start parse
  author: OFCRA RazKa
  save verified data

Task 18. (op id: 111)
  start parse
  author: OFCRA RazKa
  save verified data

Task 19. (op id: 117)
  start parse
  author: OFCRA
  save verified data

Task 20. (op id: 118)
  start parse
  author: OFCRA
  save verified data

Task 21. (op id: 122)
  start parse
  author: RuskOFF
  save verified data

Task 22. (op id: 123)
  start parse
  author: OFCRA RazKa
  save verified data

Task 23. (op id: 124)
  start parse
  author: Mrwhite350
  save verified data

Task 24. (op id: 125)
  start parse
  author: OFCRA RazKa
  save verified data

Task 25. (op id: 131)
  start parse
  author: OFCRA
  save verified data

Task 26. (op id: 146)
  start parse
  author: OFCRA RazKa
  save verified data

Task 27. (op id: 147)
  start parse
  author: OFCRA RazKa
  save verified data

Task 28. (op id: 148)
  start parse
  author: OFCRA RazKa
  save verified data

Task 29. (op id: 149)
  start parse
  author: RuskOFF
  save verified data

Task 30. (op id: 150)
  start parse
  author: RuskOFF
  save verified data

Task 31. (op id: 151)
  start parse
  author: RuskOFF
  save verified data

Task 32. (op id: 153)
  start parse
  author: RuskOFF
  save verified data

Task 33. (op id: 159)
  start parse
  author: RuskOFF
  save verified data

Task 34. (op id: 160)
  start parse
  author: RuskOFF
  save verified data

Task 35. (op id: 161)
  start parse
  author: RuskOFF
  save verified data

Task 36. (op id: 173)
  start parse
  author: Mrwhite350
  save verified data

Task 37. (op id: 175)
  start parse
  author: Mrwhite350
  save verified data

Task 38. (op id: 176)
  start parse
  author: RuskOFF
  save verified data

Task 39. (op id: 181)
  start parse
  author: RuskOFF
  save verified data

Task 40. (op id: 182)
  start parse
  author: RuskOFF
  save verified data

Task 41. (op id: 183)
  start parse
  author: RuskOFF
  save verified data

Task 42. (op id: 187)
  start parse
  author: RuskOFF
  save verified data

Task 43. (op id: 188)
  start parse
  author: RuskOFF
  save verified data

Task 44. (op id: 189)
  start parse
  author: RuskOFF
  save verified data

Task 45. (op id: 195)
  start parse
  author: OFCRA Arthyc and RazKa
  save verified data

Task 46. (op id: 199)
  start parse
  author: Mrwhite350
  WEST CMD: vincent
  EAST CMD: Flip4Flap
  save verified data

Task 47. (op id: 200)
  start parse
  author: Mrwhite350
  save verified data

Task 48. (op id: 202)
  start parse
  author: RuskOFF & Harine
  save verified data

Task 49. (op id: 203)
  start parse
  author: RuskOFF & Harine
  save verified data

Task 50. (op id: 206)
  start parse
  author: OFCRA Arthyc and RazKa
  save verified data

Task 51. (op id: 207)
  start parse
  author: Mrwhite350
  save verified data

Task 52. (op id: 208)
  start parse
  author: Mrwhite350
  save verified data

Task 53. (op id: 216)
  start parse
  author: RuskOFF & Harine
  save verified data

Task 54. (op id: 217)
  start parse
  author: RuskOFF & Harine
  save verified data

Task 55. (op id: 237)
  start parse
  author: RuskOFF & Harine
  save verified data

Task 56. (op id: 257)
  start parse
  author: OFCRA
  save verified data

Task 57. (op id: 258)
  start parse
  author: OFCRA RazKa
  save verified data

Task 58. (op id: 259)
  start parse
  author: RuskOFF & Harine
  save verified data

Task 59. (op id: 260)
  start parse
  author: RuskOFF & Harine
  save verified data

Task 60. (op id: 261)
  start parse
  author: RuskOFF & Harine
  save verified data

Task 61. (op id: 262)
  start parse
  author: RuskOFF & Harine
  save verified data

Task 62. (op id: 263)
  start parse
  author: RuskOFF & Harine
  save verified data

Task 63. (op id: 265)
  start parse
  author: RuskOFF & Harine
  save verified data

Task 64. (op id: 267)
  start parse
  author: RuskOFF & Harine
  save verified data

Task 65. (op id: 268)
  start parse
  author: RuskOFF & Harine
  save verified data

Task 66. (op id: 269)
  start parse
  author: RuskOFF & Harine
  save verified data

Task 67. (op id: 271)
  start parse
  author: RuskOFF & Harine
  save verified data

Task 68. (op id: 272)
  start parse
  author: RuskOFF & Harine
  save verified data

Task 69. (op id: 273)
  start parse
  author: RuskOFF & Harine
  save verified data

Task 70. (op id: 274)
  start parse
  author: RuskOFF & Harine
  save verified data

Task 71. (op id: 276)
  start parse
  author: RuskOFF
  save verified data

Task 72. (op id: 279)
  start parse
  author: OFCRA RazKa
  save verified data

Task 73. (op id: 281)
  start parse
  author: OFCRA RazKa
  save verified data

Task 74. (op id: 283)
  start parse
  author: RuskOFF
  save verified data

Task 75. (op id: 284)
  start parse
  author: RuskOFF
  save verified data

Task 76. (op id: 285)
  start parse
  author: RuskOFF
  save verified data

Task 77. (op id: 286)
  start parse
  author: RuskOFF & Harine
  save verified data

Task 78. (op id: 287)
  skipping op with less than `7` players

Task 79. (op id: 289)
  skipping op with less than `7` players

Task 80. (op id: 290)
  start parse
  author: RuskOFF
  save verified data

Task 81. (op id: 291)
  start parse
  author: RuskOFF
  save verified data

Task 82. (op id: 292)
  start parse
  author: RuskOFF
  save verified data

Task 83. (op id: 293)
  start parse
  author: RazKa
  save verified data

Task 84. (op id: 294)
  start parse
  author: RazKa
  save verified data

Task 85. (op id: 299)
  start parse
  author: RuskOFF
  save verified data

Task 86. (op id: 300)
  start parse
  author: RuskOFF
  save verified data

Task 87. (op id: 303)
  start parse
  author: RuskOFF
  save verified data

Task 88. (op id: 304)
  start parse
  author: RuskOFF
  save verified data

Task 89. (op id: 305)
  start parse
  author: RuskOFF
  save verified data

Task 90. (op id: 306)
  start parse
  author: RuskOFF
  save verified data

Task 91. (op id: 307)
  start parse
  author: RuskOFF
  save verified data

Task 92. (op id: 308)
  start parse
  author: RazKa
  save verified data

Task 93. (op id: 309)
  start parse
  author: RazKa
  save verified data

Task 94. (op id: 310)
  start parse
  author: Harine
  save verified data

Task 95. (op id: 311)
  start parse
  author: Mrwhite350
  save verified data

Task 96. (op id: 313)
  start parse
  author: RuskOFF
  save verified data

Task 97. (op id: 314)
  start parse
  author: RuskOFF
  save verified data

Task 98. (op id: 319)
  start parse
  author: Mrwhite350
  save verified data

Task 99. (op id: 320)
  start parse
  author: Mrwhite350
  save verified data

Task 100. (op id: 321)
  start parse
  author: Mrwhite350
  save verified data

Task 101. (op id: 322)
  start parse
  author: RuskOFF
  save verified data

Task 102. (op id: 323)
  start parse
  author: RuskOFF
  save verified data

Task 103. (op id: 324)
  start parse
  author: RuskOFF
  save verified data

Task 104. (op id: 325)
  start parse
  author: Mrwhite350
  save verified data

Task 105. (op id: 326)
  start parse
  author: Mrwhite350
  save verified data

Task 106. (op id: 327)
  start parse
  author: Mrwhite350
  save verified data

Task 107. (op id: 328)
  start parse
  author: RuskOFF
  save verified data

Task 108. (op id: 329)
  start parse
  author: RuskOFF
  save verified data

Task 109. (op id: 330)
  start parse
  author: RuskOFF
  save verified data

Task 110. (op id: 333)
  start parse
  author: Mrwhite350
  save verified data

Task 111. (op id: 334)
  start parse
  author: Mrwhite350
  save verified data

Task 112. (op id: 335)
  start parse
  author: RuskoFF
  save verified data

Task 113. (op id: 336)
  start parse
  author: RuskoFF
  save verified data

Task 114. (op id: 337)
  start parse
  author: RuskoFF
  save verified data

Task 115. (op id: 338)
  start parse
  author: RuskOFF
  save verified data

Task 116. (op id: 341)
  start parse
  author: RuskoFF
  save verified data

Task 117. (op id: 342)
  start parse
  author: RuskoFF
  save verified data

Task 118. (op id: 343)
  start parse
  author: RuskoFF
  save verified data

Task 119. (op id: 345)
  start parse
  author: RuskoFF
  save verified data

Task 120. (op id: 346)
  start parse
  author: RuskoFF
  save verified data

Task 121. (op id: 350)
  start parse
  author: RuskoFF
  save verified data

Task 122. (op id: 353)
  start parse
  author: RuskoFF
  save verified data

Task 123. (op id: 354)
  start parse
  author: RuskoFF
  save verified data

Task 124. (op id: 355)
  start parse
  author: RuskoFF
  save verified data

Task 125. (op id: 356)
  start parse
  author: RuskoFF
  save verified data

Task 126. (op id: 357)
  start parse
  author: RuskoFF
  save verified data

Task 127. (op id: 358)
  start parse
  author: RuskoFF
  save verified data

Task 128. (op id: 359)
  start parse
  author: RuskoFF
  save verified data

Task 129. (op id: 361)
  start parse
  author: RuskoFF
  save verified data

Task 130. (op id: 363)
  start parse
  author: Mrwhite350
  save verified data

Task 131. (op id: 364)
  start parse
  author: Mrwhite350
  save verified data

Task 132. (op id: 365)
  start parse
  author: Mrwhite350
  save verified data

Task 133. (op id: 366)
  start parse
  author: Mrwhite350
  save verified data

Task 134. (op id: 368)
  start parse
  author: Vincent
  save verified data

Task 135. (op id: 369)
  start parse
  author: RuskoFF
  save verified data

Task 136. (op id: 371)
  start parse
  author: Mrwhite350
  save verified data

Task 137. (op id: 372)
  start parse
  author: Mrwhite350
  save verified data

Task 138. (op id: 373)
  start parse
  author: RuskoFF
  save verified data

Task 139. (op id: 374)
  start parse
  author: RuskoFF
  save verified data

Task 140. (op id: 375)
  start parse
  author: RuskoFF
  save verified data

Task 141. (op id: 376)
  start parse
  author: RuskoFF
  save verified data

Task 142. (op id: 378)
  start parse
  author: RuskoFF
  save verified data

Task 143. (op id: 379)
  start parse
  author: RuskoFF
  save verified data

Task 144. (op id: 380)
  start parse
  author: RuskoFF
  save verified data

Task 145. (op id: 381)
  start parse
  author: RuskoFF
  save verified data

Task 146. (op id: 382)
  start parse
  author: RuskoFF
  save verified data

Task 147. (op id: 383)
  start parse
  author: RuskoFF
  save verified data

Task 148. (op id: 384)
  start parse
  author: RuskoFF
  save verified data

Task 149. (op id: 385)
  start parse
  author: RuskoFF
  save verified data

Task 150. (op id: 386)
  start parse
  author: Alfred & RuskoFF
  save verified data

Task 151. (op id: 387)
  start parse
  author: Alfred & RuskoFF
  save verified data

Task 152. (op id: 388)
  start parse
  author: Alfred & RuskoFF
  save verified data

Task 153. (op id: 389)
  start parse
  author: Mrwhite350
  save verified data

Task 154. (op id: 390)
  start parse
  author: RuskoFF
  save verified data

Task 155. (op id: 391)
  start parse
  author: RuskoFF
  save verified data

Task 156. (op id: 392)
  start parse
  author: RuskoFF
  save verified data

Task 157. (op id: 393)
  start parse
  author: RuskoFF
  save verified data

Task 158. (op id: 394)
  start parse
  author: RuskoFF
  save verified data

Task 159. (op id: 395)
  start parse
  author: Mrwhite350
  save verified data

Task 160. (op id: 396)
  start parse
  author: Mrwhite350
  save verified data

Task 161. (op id: 397)
  start parse
  author: Mrwhite350
  save verified data

Task 162. (op id: 398)
  start parse
  author: RuskoFF
  save verified data

Task 163. (op id: 399)
  start parse
  author: RuskoFF
  save verified data

Task 164. (op id: 400)
  start parse
  author: RuskoFF
  save verified data

Task 165. (op id: 401)
  start parse
  author: RuskoFF
  save verified data

Task 166. (op id: 407)
  start parse
  author: Vincent
  save verified data

Task 167. (op id: 408)
  skipping op with type `PVE`

Task 168. (op id: 409)
  start parse
  author: RuskoFF
  save verified data

Task 169. (op id: 410)
  start parse
  author: RuskoFF
  save verified data

Task 170. (op id: 411)
  start parse
  author: VINCENT
  save verified data

Task 171. (op id: 412)
  start parse
  author: OFCRA
  save verified data

Task 172. (op id: 413)
  start parse
  author: OFCRA
  save verified data

Task 173. (op id: 415)
  start parse
  author: Manchot [OFCRA]
  save verified data

Task 174. (op id: 417)
  start parse
  author: Mrwhite350
  save verified data

Task 175. (op id: 420)
  start parse
  author: OFCRA
  save verified data

Task 176. (op id: 421)
  start parse
  author: OFCRA
  save verified data

Task 177. (op id: 422)
  start parse
  author: Mrwhite350
  save verified data

Task 178. (op id: 426)
  start parse
  author: OFCRA
  save verified data

Task 179. (op id: 427)
  start parse
  author: OFCRA
  save verified data

Task 180. (op id: 428)
  start parse
  author: Her majesty Queen Elizabeth II
  save verified data

Task 181. (op id: 429)
  start parse
  author: Her majesty Queen Elizabeth II
  save verified data

Task 182. (op id: 430)
  start parse
  author: Her majesty Queen Elizabeth II
  save verified data

Task 183. (op id: 431)
  start parse
  author: Phk4900 [OFCRA]
  save verified data

Task 184. (op id: 432)
  start parse
  author: Phk4900 [OFCRA]
  save verified data

Task 185. (op id: 433)
  start parse
  author: Phk4900 [OFCRA]
  save verified data

Task 186. (op id: 434)
  start parse
  author: Phk4900 [OFCRA]
  save verified data

Task 187. (op id: 435)
  start parse
  author: Nasa, PHK and Manchot
  save verified data

Task 188. (op id: 438)
  start parse
  author: Mrwhite350
  save verified data

Task 189. (op id: 439)
  start parse
  author: Mrwhite350
  save verified data

Task 190. (op id: 440)
  start parse
  author: Mrwhite350
  save verified data

Task 191. (op id: 441)
  start parse
  author: Mrwhite350
  save verified data

Task 192. (op id: 442)
  start parse
  author: Mrwhite350
  save verified data

Task 193. (op id: 443)
  start parse
  author: Mrwhite350
  save verified data

Task 194. (op id: 445)
  start parse
  author: Hippie
  save verified data

Task 195. (op id: 446)
  start parse
  author: Phk4900 [OFCRA]
  save verified data

Task 196. (op id: 447)
  start parse
  author: Phk4900 [OFCRA]
  save verified data

Task 197. (op id: 448)
  start parse
  author: Hippie
  save verified data

Task 198. (op id: 449)
  start parse
  author: Hippie
  save verified data

Task 199. (op id: 450)
  start parse
  author: Hippie
  save verified data

Task 200. (op id: 451)
  start parse
  author: Mrwhite350
  save verified data

Task 201. (op id: 452)
  start parse
  author: Mrwhite350
  save verified data

Task 202. (op id: 453)
  start parse
  author: Mrwhite350
  save verified data

Task 203. (op id: 454)
  start parse
  author: Mrwhite350
  save verified data

Task 204. (op id: 455)
  start parse
  author: Mrwhite350
  save verified data

Task 205. (op id: 456)
  start parse
  author: Mrwhite350
  save verified data

Task 206. (op id: 457)
  start parse
  author: Mrwhite350
  save verified data

Task 207. (op id: 458)
  start parse
  author: Mrwhite350
  save verified data

Task 208. (op id: 459)
  start parse
  author: Mrwhite350
  save verified data

Task 209. (op id: 460)
  start parse
  author: Mrwhite350
  save verified data

Task 210. (op id: 462)
  start parse
  author: Hippie
  save verified data

Task 211. (op id: 463)
  start parse
  author: White Well-Fed Agnostic Low-Intelligence Hippie
  save verified data

Task 212. (op id: 464)
  start parse
  author: Mrwhite350
  save verified data

Task 213. (op id: 465)
  start parse
  author: Mrwhite350
  save verified data

Task 214. (op id: 466)
  start parse
  author: Mrwhite350
  save verified data

Task 215. (op id: 467)
  start parse
  author: Mrwhite350
  save verified data

Task 216. (op id: 468)
  start parse
  author: Mrwhite350
  save verified data

Task 217. (op id: 469)
  start parse
  author: Nasa
  save verified data

Task 218. (op id: 470)
  start parse
  author: Nasa
  save verified data

Task 219. (op id: 471)
  start parse
  author: Nasa
  save verified data

Task 220. (op id: 472)
  start parse
  author: Nasa
  save verified data

Task 221. (op id: 473)
  start parse
  author: Phk4900
  save verified data

Task 222. (op id: 474)
  start parse
  author: Hippie subtract the looks and reserved seat in Jannah
  save verified data

Task 223. (op id: 475)
  start parse
  author: Hippie
  save verified data

Task 224. (op id: 477)
  start parse
  author: Hippie subtract the knowledge on chemical compunds
  save verified data

Task 225. (op id: 478)
  start parse
  author: Phk4900
  save verified data

Task 226. (op id: 479)
  start parse
  author: Phk4900
  save verified data

Task 227. (op id: 480)
  start parse
  author: Phk4900
  save verified data

Task 228. (op id: 481)
  start parse
  author: Nasa
  save verified data

Task 229. (op id: 482)
  start parse
  author: Nasa
  save verified data

Task 230. (op id: 483)
  start parse
  author: Nasa
  save verified data

Task 231. (op id: 485)
  start parse
  author: Phk4900
  save verified data

Task 232. (op id: 486)
  start parse
  author: Phk4900
  save verified data

Task 233. (op id: 487)
  start parse
  author: Phk4900
  save verified data

Task 234. (op id: 488)
  start parse
  author: Mrwhite350
  save verified data

Task 235. (op id: 489)
  start parse
  author: Mrwhite350
  save verified data

Task 236. (op id: 490)
  start parse
  author: Mrwhite350
  save verified data

Task 237. (op id: 491)
  start parse
  author: Mrwhite350
  save verified data

Task 238. (op id: 492)
  start parse
  author: Phk4900
  save verified data

Task 239. (op id: 493)
  start parse
  author: Nasa
  save verified data

Task 240. (op id: 494)
  start parse
  author: Hippie
  save verified data

Task 241. (op id: 496)
  start parse
  author: Mrwhite350
  save verified data

Task 242. (op id: 497)
  start parse
  author: Mrwhite350
  save verified data

Task 243. (op id: 498)
  start parse
  author: Mrwhite350
  save verified data

Task 244. (op id: 499)
  start parse
  author: Mrwhite350
  save verified data

Task 245. (op id: 500)
  start parse
  author: Mrwhite350
  save verified data

Task 246. (op id: 501)
  start parse
  author: Mrwhite350
  save verified data

Task 247. (op id: 502)
  start parse
  author: Mrwhite350
  save verified data

Task 248. (op id: 503)
  start parse
  author: Mrwhite350
  save verified data

Task 249. (op id: 504)
  start parse
  author: Nasa
  save verified data

Task 250. (op id: 507)
  start parse
  author: OFCRA
  save verified data

Task 251. (op id: 511)
  start parse
  author: OFCRA
  save verified data

Task 252. (op id: 513)
  start parse
  author: OFCRA
  save verified data

Task 253. (op id: 514)
  start parse
  author: Phk4900
  save verified data

Task 254. (op id: 515)
  start parse
  author: Phk4900
  save verified data

Task 255. (op id: 516)
  start parse
  author: OFCRA
  save verified data

Task 256. (op id: 517)
  start parse
  author: [OpTic] Xx TeH hipPi£ xX
  save verified data

Task 257. (op id: 524)
  start parse
  author: Nasa
  save verified data

Task 258. (op id: 528)
  start parse
  author: Manchot [OFCRA]
  save verified data

Task 259. (op id: 530)
  start parse
  author: OFCRA
  save verified data

Task 260. (op id: 531)
  start parse
  author: Mrwhite350
  save verified data

Task 261. (op id: 532)
  start parse
  author: Mrwhite350
  save verified data

Task 262. (op id: 535)
  start parse
  author: Bluck
  save verified data

Task 263. (op id: 536)
  start parse
  author: OFCRA
  save verified data

Task 264. (op id: 537)
  start parse
  author: Nasa
  save verified data

Task 265. (op id: 538)
  start parse
  author: Nasa
  save verified data

Task 266. (op id: 540)
  start parse
  author: Jonathan
  save verified data

Task 267. (op id: 541)
  start parse
  author: Jonathan
  save verified data

Task 268. (op id: 542)
  start parse
  author: Jonathan
  save verified data

Task 269. (op id: 543)
  start parse
  author: Jonathan
  save verified data

Task 270. (op id: 544)
  start parse
  author: Jonathan
  save verified data

Task 271. (op id: 547)
  start parse
  author: Mrwhite350
  save verified data

Task 272. (op id: 548)
  start parse
  author: Mrwhite350
  save verified data

Task 273. (op id: 549)
  start parse
  author: OFCRA
  save verified data

Task 274. (op id: 551)
  start parse
  author: PHK and Nasa
  save verified data

Task 275. (op id: 553)
  start parse
  author: PHK and Nasa
  save verified data

Task 276. (op id: 554)
  start parse
  author: Mrwhite350
  save verified data

Task 277. (op id: 555)
  start parse
  author: Mrwhite350
  save verified data

Task 278. (op id: 556)
  start parse
  author: Mrwhite350
  save verified data

Task 279. (op id: 557)
  start parse
  author: Nasa+Phk
  save verified data

Task 280. (op id: 558)
  start parse
  author: Jonathan
  save verified data

Task 281. (op id: 559)
  start parse
  author: Jonathan
  save verified data

Task 282. (op id: 560)
  start parse
  author: Jonathan
  save verified data

Task 283. (op id: 561)
  start parse
  author: Nasa+Phk
  save verified data

Task 284. (op id: 563)
  start parse
  author: Kieran's tolerant views
  save verified data

Task 285. (op id: 564)
  start parse
  author: Hippie
  save verified data

Task 286. (op id: 565)
  start parse
  author: Kieran's tolerant views
  save verified data

Task 287. (op id: 568)
  start parse
  author: Mrwhite350
  save verified data

Task 288. (op id: 569)
  start parse
  author: Mrwhite350
  save verified data

Task 289. (op id: 570)
  start parse
  author: Mrwhite350
  save verified data

Task 290. (op id: 571)
  start parse
  author: Mrwhite350
  save verified data

Task 291. (op id: 573)
  start parse
  author: Nasa and Phk4900
  save verified data

Task 292. (op id: 575)
  start parse
  author: Mrwhite350
  save verified data

Task 293. (op id: 576)
  start parse
  author: Mrwhite350
  save verified data

Task 294. (op id: 577)
  start parse
  author: Mrwhite350
  save verified data

Task 295. (op id: 578)
  start parse
  author: Mrwhite350
  save verified data

Task 296. (op id: 579)
  start parse
  author: Mrwhite350
  save verified data

Task 297. (op id: 580)
  start parse
  author: Mrwhite350
  save verified data

Task 298. (op id: 582)
  start parse
  author: PHK and Nasa
  save verified data

Task 299. (op id: 585)
  start parse
  author: Mrwhite350
  save verified data

Task 300. (op id: 586)
  start parse
  author: Mrwhite350
  save verified data

Task 301. (op id: 587)
  start parse
  author: Mrwhite350
  save verified data

Task 302. (op id: 588)
  start parse
  author: Mrwhite350
  save verified data

Task 303. (op id: 589)
  start parse
  author: Mrwhite350
  save verified data

Task 304. (op id: 590)
  start parse
  author: Mrwhite350
  save verified data

Task 305. (op id: 591)
  start parse
  author: Mrwhite350
  save verified data

Task 306. (op id: 592)
  start parse
  author: Mrwhite350
  save verified data

Task 307. (op id: 593)
  start parse
  author: Mrwhite350
  save verified data

Task 308. (op id: 594)
  start parse
  author: Mrwhite350
  save verified data

Task 309. (op id: 598)
  start parse
  author: Ultra nationalist borderline xenophobe Hippie
  save verified data

Task 310. (op id: 599)
  start parse
  author: Ultra nationalist borderline xenophobe Hippie
  save verified data

Task 311. (op id: 600)
  start parse
  author: Mrwhite350
  save verified data

Task 312. (op id: 602)
  start parse
  author: Mrwhite350
  save verified data

Task 313. (op id: 603)
  start parse
  author: Mrwhite350
  save verified data

Task 314. (op id: 604)
  start parse
  author: Mrwhite350
  save verified data

Task 315. (op id: 605)
  start parse
  author: [OFCRA]Jonathan
  save verified data

Task 316. (op id: 606)
  start parse
  author: [OFCRA] Jonathan
  save verified data

Task 317. (op id: 607)
  start parse
  author: [OFCRA] Jonathan
  save verified data

Task 318. (op id: 609)
  start parse
  author: Mrwhite350
  save verified data

Task 319. (op id: 615)
  start parse
  author: Manchot [OFCRA]
  save verified data

Task 320. (op id: 621)
  start parse
  author: Mrwhite350
  save verified data

Task 321. (op id: 626)
  start parse
  author: [OFCRA] Phk4900
  save verified data

Task 322. (op id: 627)
  start parse
  author: [OFCRA] Phk4900
  save verified data

Task 323. (op id: 628)
  start parse
  author: Hippie
  save verified data

Task 324. (op id: 629)
  start parse
  author: Hippie
  save verified data

Task 325. (op id: 630)
  start parse
  author: Hippie
  save verified data

Task 326. (op id: 631)
  start parse
  author: Hippie
  save verified data

Task 327. (op id: 632)
  start parse
  author: Hippie
  save verified data

Task 328. (op id: 633)
  start parse
  author: Hippie
  save verified data

Task 329. (op id: 634)
  start parse
  author: Hippie
  save verified data

Task 330. (op id: 636)
  start parse
  author: Orbán viktor
  winner: EAST
  WEST CMD: Phk4900
  EAST CMD: Flip4Flap
  save verified data

Task 331. (op id: 637)
  start parse
  author: Orbán viktor
  save verified data

Task 332. (op id: 638)
  start parse
  author: Orbán viktor
  save verified data

Task 333. (op id: 639)
  start parse
  author: Mrwhite350
  save verified data

Task 334. (op id: 640)
  start parse
  author: Mrwhite350
  save verified data

Task 335. (op id: 641)
  start parse
  author: Mrwhite350
  save verified data

Task 336. (op id: 642)
  start parse
  author: Mrwhite350
  save verified data

Task 337. (op id: 643)
  start parse
  author: Mrwhite350
  winner: WEST
  WEST CMD: Flip4Flap
  EAST CMD: Nasa
  save verified data

Task 338. (op id: 644)
  start parse
  author: Mrwhite350
  save verified data

Task 339. (op id: 645)
  start parse
  author: Mrwhite350
  save verified data

Task 340. (op id: 647)
  start parse
  author: Mrwhite350
  save verified data

Task 341. (op id: 648)
  start parse
  author: Mrwhite350
  save verified data

Task 342. (op id: 649)
  start parse
  author: Mrwhite350
  save verified data

Task 343. (op id: 650)
  start parse
  author: Nasa
  winner: EAST
  WEST CMD: Hippie
  EAST CMD: Pogo_
  save verified data

Task 344. (op id: 651)
  start parse
  author: Nasa
  save verified data

Task 345. (op id: 652)
  start parse
  author: Hippie
  save verified data

Task 346. (op id: 653)
  start parse
  author: Hippie
  save verified data

Task 347. (op id: 654)
  start parse
  author: Hippie
  save verified data

Task 348. (op id: 655)
  start parse
  author: Hippie
  save verified data

Task 349. (op id: 656)
  start parse
  author: Hippie
  save verified data

Task 350. (op id: 657)
  start parse
  author: Hippie
  save verified data

Task 351. (op id: 658)
  start parse
  author: Hippie
  save verified data

Task 352. (op id: 659)
  start parse
  author: Hippie
  save verified data

Task 353. (op id: 660)
  start parse
  author: Hippie
  save verified data

Task 354. (op id: 662)
  start parse
  author: [OFCRA] Phk4900
  winner: WEST
  WEST CMD: Flip4Flap
  EAST CMD: Nasa
  save verified data

Task 355. (op id: 663)
  start parse
  author: [OFCRA] Phk4900
  save verified data

Task 356. (op id: 664)
  start parse
  author: [OFCRA] Phk4900
  save verified data

Task 357. (op id: 665)
  start parse
  author: hermann goering but everytime the 19th rushes he gets wider
  winner: WEST
  WEST CMD: Pogo_
  EAST CMD: Phk4900
  save verified data

Task 358. (op id: 666)
  start parse
  author: Tom Clancy
  save verified data

Task 359. (op id: 667)
  start parse
  author: Tom Clancy
  save verified data

Task 360. (op id: 668)
  start parse
  author: Mrwhite350
  winner: WEST
  WEST CMD: Flip4Flap
  EAST CMD: Phk4900
  save verified data

Task 361. (op id: 669)
  start parse
  author: Mrwhite350
  save verified data

Task 362. (op id: 670)
  start parse
  author: Mrwhite350
  save verified data

Task 363. (op id: 671)
  start parse
  author: nasa
  save verified data

Task 364. (op id: 672)
  start parse
  author: nasas
  save verified data

Task 365. (op id: 673)
  start parse
  author: nasasa
  save verified data

Task 366. (op id: 674)
  start parse
  author: nasasas
  save verified data

Task 367. (op id: 675)
  start parse
  author: nasasa
  save verified data

Task 368. (op id: 685)
  start parse
  author: [OFCRA] Phk4900 with the precious help of [B.L] Rigel
  save verified data

Task 369. (op id: 686)
  start parse
  author: [OFCRA] Phk4900 with the precious help of [B.L] Rigel
  save verified data

Task 370. (op id: 688)
  start parse
  author: [OFCRA] Phk4900 with the precious help of [B.L] Rigel
  winner: EAST
  WEST CMD: Nasa
  EAST CMD: Flip4Flap
  save verified data

Task 371. (op id: 689)
  start parse
  author: Jonathan
  save verified data

Task 372. (op id: 690)
  start parse
  author: Jonathan
  save verified data

Task 373. (op id: 691)
  start parse
  author: Jonathan
  save verified data

Task 374. (op id: 692)
  start parse
  author: Jonathan
  save verified data

Task 375. (op id: 693)
  start parse
  author: Jonathan
  save verified data

Task 376. (op id: 694)
  start parse
  author: Men at work (You can blame Nasa)
  winner: EAST
  WEST CMD: 2nd Lt. C. McHellsten
    failed to find commander in select
  EAST CMD: Hippie
  save verified data

Task 377. (op id: 696)
  start parse
  author: Mrwhite350
  winner: WEST
  WEST CMD: Phk4900
  EAST CMD: Nasa
  save verified data

Task 378. (op id: 697)
  start parse
  author: Mrwhite350
  save verified data

Task 379. (op id: 698)
  start parse
  author: Mrwhite350
  save verified data

Task 380. (op id: 699)
  skipping op with type ``

Task 381. (op id: 700)
  skipping op with type ``

Task 382. (op id: 701)
  skipping op with type ``

Task 383. (op id: 702)
  skipping op with type ``

Task 384. (op id: 703)
  skipping op with type ``

Task 385. (op id: 704)
  skipping op with type ``

Task 386. (op id: 705)
  skipping op with type ``

Task 387. (op id: 706)
  skipping op with type ``

Task 388. (op id: 707)
  skipping op with type ``

Task 389. (op id: 708)
  skipping op with type ``

Task 390. (op id: 709)
  start parse
  author: Hippie
  winner: WEST
  WEST CMD: Nasa
  EAST CMD: Flip4Flap
  save verified data

Task 391. (op id: 710)
  skipping op with type ``

Task 392. (op id: 711)
  skipping op with type ``

Task 393. (op id: 712)
  skipping op with type ``

Task 394. (op id: 713)
  start parse
  author: [OFCRA] Phk4900
  winner: WEST
  WEST CMD: Flip4Flap
    failed to find commander in select
  EAST CMD: Nasa
    failed to find commander in select
  save verified data

Task 395. (op id: 714)
  start parse
  author: [OFCRA] Phk4900
  save verified data

Task 396. (op id: 715)
  start parse
  author: [OFCRA] Phk4900
  save verified data

Task 397. (op id: 716)
  start parse
  author: Manchot [OFCRA]
  winner: WEST
  WEST CMD: Flip4Flap
  EAST CMD: Phk4900
  save verified data

Task 398. (op id: 718)
  start parse
  author: Manchot [OFCRA]
  save verified data

Task 399. (op id: 719)
  start parse
  author: Nasa
  save verified data

Task 400. (op id: 720)
  start parse
  author: Nasa
  save verified data

Task 401. (op id: 721)
  start parse
  author: Nasa
  winner: EAST
  WEST CMD: Flip4Flap
  EAST CMD: Pogo_
  save verified data

Task 402. (op id: 722)
  start parse
  author: Nasa
  save verified data

Task 403. (op id: 723)
  start parse
  author: Nasa
  save verified data

Task 404. (op id: 724)
  start parse
  author: Nasa
  save verified data

Task 405. (op id: 725)
  start parse
  author: Nasa
  save verified data

Task 406. (op id: 726)
  start parse
  author: [OFCRA] Phk4900
  winner: EAST
  WEST CMD: Flip4Flap
  EAST CMD: Pogo_
  save verified data

Task 407. (op id: 727)
  start parse
  author: [OFCRA] Phk4900
  save verified data

Task 408. (op id: 728)
  start parse
  author: Jonathan
  winner: WEST
  WEST CMD: Bluck
  EAST CMD: Flip4Flap
  save verified data

Task 409. (op id: 729)
  start parse
  author: [OFCRA] Phk4900
  save verified data

Task 410. (op id: 739)
  start parse
  author: elberg
  save verified data

Task 411. (op id: 741)
  skipping op with less than `7` players

Task 412. (op id: 742)
  start parse
  author: elberg
  save verified data

Task 413. (op id: 743)
  start parse
  author: elberg
  save verified data

Task 414. (op id: 750)
  start parse
  author: Mrwhite350
  winner: WEST
  WEST CMD: CSF_Lollo
  save verified data

Task 415. (op id: 751)
  start parse
  author: Manchot [OFCRA]
  winner: WEST
  save verified data

Task 416. (op id: 752)
  start parse
  author: Manchot [OFCRA]
  save verified data

Task 417. (op id: 753)
  start parse
  author: Jonathan
  save verified data

Task 418. (op id: 754)
  start parse
  author: Jonathan
  save verified data

Task 419. (op id: 755)
  start parse
  author: Jonathan
  save verified data

Task 420. (op id: 757)
  start parse
  author: Mrwhite350
  winner: EAST
  WEST CMD: Flip4Flap
  save verified data

Task 421. (op id: 758)
  start parse
  author: rigello
  winner: EAST
  WEST CMD: Flip4Flap
  EAST CMD: Phk4900
  save verified data

Task 422. (op id: 759)
  start parse
  author: rigello
  save verified data

Task 423. (op id: 760)
  start parse
  author: Mrwhite350
  winner: EAST
  WEST CMD: Flip4Flap
  save verified data

Task 424. (op id: 761)
  start parse
  author: Hippie
  save verified data

Task 425. (op id: 763)
  start parse
  author: Hippie
  save verified data

Task 426. (op id: 764)
  start parse
  author: Hippie
  save verified data

Task 427. (op id: 768)
  start parse
  author: Hippie
  save verified data

Task 428. (op id: 769)
  start parse
  author: David Le ACOG
  save verified data

Task 429. (op id: 770)
  start parse
  author: rigello
  save verified data

Task 430. (op id: 771)
  start parse
  author: rigello
  save verified data

Task 431. (op id: 772)
  start parse
  author: David Le ACOG
  save verified data

Task 432. (op id: 773)
  start parse
  author: Based Employed phd acquiring nasa
  save verified data

Task 433. (op id: 774)
  start parse
  author: Based Employed phd acquiring nasa
  save verified data

Task 434. (op id: 775)
  start parse
  author: David Le ACOG
  save verified data

Task 435. (op id: 776)
  start parse
  author: Hippie
  save verified data

Task 436. (op id: 777)
  start parse
  author: Hippie
  save verified data

Task 437. (op id: 780)
  skipping op with type ``

Task 438. (op id: 781)
  skipping op with type ``

Task 439. (op id: 782)
  skipping op with type ``

Task 440. (op id: 783)
  skipping op with type ``

Task 441. (op id: 784)
  skipping op with type ``

Task 442. (op id: 785)
  skipping op with type ``

Task 443. (op id: 786)
  skipping op with type ``

Task 444. (op id: 787)
  skipping op with type ``

Task 445. (op id: 788)
  skipping op with type ``

Task 446. (op id: 789)
  skipping op with type ``

Task 447. (op id: 791)
  skipping op with type `PVE`

Task 448. (op id: 792)
  start parse
  author: Mrwhite350
  winner: WEST
  WEST CMD: Flip4Flap
  EAST CMD: Always
  save verified data

Task 449. (op id: 796)
  start parse
  author: Mrwhite350
  save verified data

Task 450. (op id: 797)
  start parse
  author: Mrwhite350
  save verified data

Task 451. (op id: 798)
  start parse
  author: Mrwhite350
  save verified data

Task 452. (op id: 799)
  skipping op with less than `7` players

Task 453. (op id: 800)
  start parse
  author: Mrwhite350
  winner: EAST
  WEST CMD: Pogo_
  EAST CMD: CSF_Lollo
  save verified data

Task 454. (op id: 803)
  start parse
  author: Manchot [OFCRA]
  save verified data

Task 455. (op id: 804)
  start parse
  author: Mrwhite350
  winner: EAST
  WEST CMD: Flip4Flap
  EAST CMD: CSF_Lollo
    failed to find commander in select
  save verified data

Task 456. (op id: 806)
  start parse
  author: [OFCRA] Phk4900
  winner: WEST
  WEST CMD: Flip4Flap
  EAST CMD: Nasa
  save verified data

Task 457. (op id: 807)
  start parse
  author: [OFCRA] Phk4900
  save verified data

Task 458. (op id: 808)
  start parse
  author: Hippie
  save verified data

Task 459. (op id: 809)
  start parse
  author: Hippie
  save verified data

Task 460. (op id: 810)
  start parse
  author: Hippie
  save verified data

Task 461. (op id: 811)
  start parse
  author: Hippie
  save verified data

Task 462. (op id: 812)
  start parse
  author: Hippie
  save verified data

Task 463. (op id: 813)
  start parse
  author: Nasa
  winner: WEST
  WEST CMD: 2nd Lt. C. McHellsten
    failed to find commander in select
  EAST CMD: Bluck
  save verified data

Task 464. (op id: 814)
  start parse
  author: Nasa
  save verified data

Task 465. (op id: 815)
  skipping op with less than `7` players

Task 466. (op id: 816)
  start parse
  author: Hippie
  save verified data

Task 467. (op id: 817)
  start parse
  author: Hippie
  save verified data

Task 468. (op id: 818)
  start parse
  author: Kim il Hippie
  save verified data

Task 469. (op id: 819)
  start parse
  author: Hippie
  save verified data

Task 470. (op id: 820)
  start parse
  author: Hippie
  save verified data

Task 471. (op id: 821)
  start parse
  author: Hippie
  save verified data

Task 472. (op id: 822)
  start parse
  author: Hippie
  save verified data

Task 473. (op id: 823)
  start parse
  author: Hippie
  save verified data

Task 474. (op id: 824)
  start parse
  author: Kim il Hippie
  save verified data

Task 475. (op id: 825)
  start parse
  author: Hippie
  save verified data

Task 476. (op id: 826)
  start parse
  author: Manchot [OFCRA]
  winner: EAST
  WEST CMD: Hippie
  EAST CMD: Flip4Flap
  save verified data

Task 477. (op id: 827)
  start parse
  author: Manchot [OFCRA]
  save verified data

Task 478. (op id: 828)
  start parse
  author: Manchot [OFCRA]
  save verified data

Task 479. (op id: 829)
  start parse
  author: Manchot [OFCRA]
  save verified data

Task 480. (op id: 830)
  start parse
  author: Hippie
  save verified data

Task 481. (op id: 831)
  start parse
  author: [OFCRA] Phk4900
  save verified data

Task 482. (op id: 832)
  start parse
  author: Hippie
  save verified data

Task 483. (op id: 833)
  start parse
  author: Vin Hippie
  save verified data

Task 484. (op id: 834)
  start parse
  author: Hippie
  save verified data

Task 485. (op id: 835)
  start parse
  author: [OFCRA] Phk4900
  save verified data

Task 486. (op id: 836)
  start parse
  author: Hippie
  save verified data

Task 487. (op id: 837)
  start parse
  author: Vin Hippie
  save verified data

Task 488. (op id: 841)
  start parse
  author: Rigel
  save verified data

Task 489. (op id: 842)
  start parse
  author: Rigel
  save verified data

Task 490. (op id: 843)
  start parse
  author: Hippie
  save verified data

Task 491. (op id: 844)
  start parse
  author: Hippie
  save verified data

Task 492. (op id: 845)
  start parse
  author: Rigel
  save verified data

Task 493. (op id: 846)
  start parse
  author: Rigel
  save verified data

Task 494. (op id: 847)
  start parse
  author: Mrwhite350
  winner: WEST
  WEST CMD: Nasa
  EAST CMD: Pogo_
  save verified data

Task 495. (op id: 848)
  start parse
  author: Mrwhite350
  save verified data

Task 496. (op id: 849)
  start parse
  author: Mrwhite350
  save verified data

Task 497. (op id: 863)
  skipping op with type ``

Task 498. (op id: 864)
  start parse
  author: Rigel and Nasa
  save verified data

Task 499. (op id: 865)
  skipping op with less than `7` players

Task 500. (op id: 866)
  skipping op with less than `7` players

Task 501. (op id: 880)
  start parse
  author: Hippie spending 12 hours a day for 30 days thinking about coffee
  save verified data

Task 502. (op id: 881)
  start parse
  author: Hippie
  save verified data

Task 503. (op id: 882)
  start parse
  author: rigello
  save verified data

Task 504. (op id: 883)
  start parse
  author: Hippie
  save verified data

Task 505. (op id: 884)
  start parse
  author: Hippie
  save verified data

Task 506. (op id: 885)
  start parse
  author: Rigel and Nasa
  winner: EAST
  WEST CMD: Pogo_
  EAST CMD: CSF_Lollo
    failed to find commander in select
  save verified data

Task 507. (op id: 886)
  start parse
  author: Hippie
  save verified data

Task 508. (op id: 887)
  start parse
  author: Hippie
  save verified data

Task 509. (op id: 888)
  start parse
  author: Hippie
  save verified data

Task 510. (op id: 889)
  start parse
  author: rigello
  save verified data

Task 511. (op id: 890)
  start parse
  author: rigello
  save verified data

Task 512. (op id: 891)
  start parse
  author: rigello
  save verified data

Task 513. (op id: 892)
  start parse
  author: rigello
  save verified data

Task 514. (op id: 893)
  start parse
  author: rigello
  save verified data

Task 515. (op id: 894)
  start parse
  author: rigello
  save verified data

Task 516. (op id: 895)
  start parse
  author: rigello
  save verified data

Task 517. (op id: 900)
  start parse
  author: Nasa
  winner: WEST
  WEST CMD: GoatLand
  EAST CMD: 2nd Lt. C. McHellsten
    failed to find commander in select
  save verified data

Task 518. (op id: 901)
  start parse
  author: rigello
  save verified data

Task 519. (op id: 908)
  start parse
  author: Hippie
  save verified data

Task 520. (op id: 909)
  start parse
  author: Hippie but with 8 hours of sleep
  save verified data

Task 521. (op id: 910)
  start parse
  author: rigello
  save verified data

Task 522. (op id: 911)
  start parse
  author: Hippie
  save verified data

Task 523. (op id: 912)
  start parse
  author: Hippie
  save verified data

Task 524. (op id: 913)
  start parse
  author: Nasa and Rigel
  WEST CMD: Pogo_
  EAST CMD: CSF_Lollo
    failed to find commander in select
  save verified data

Task 525. (op id: 914)
  start parse
  author: rigello
  save verified data

Task 526. (op id: 916)
  start parse
  author: Hippie but with something idk
  save verified data

Task 527. (op id: 917)
  start parse
  author: Hippie
  save verified data

Task 528. (op id: 918)
  start parse
  author: rigello
  save verified data

Task 529. (op id: 919)
  start parse
  author: Hippie
  save verified data

Task 530. (op id: 920)
  start parse
  author: Hippie but with something idk
  save verified data

Task 531. (op id: 921)
  skipping op with less than `7` players

Task 532. (op id: 922)
  start parse
  author: rigello
  save verified data

Task 533. (op id: 923)
  start parse
  author: Hippie
  save verified data

Task 534. (op id: 924)
  start parse
  author: Hippie
  winner: EAST
  WEST CMD: Manchot
  EAST CMD: Nasa
  save verified data

Task 535. (op id: 925)
  skipping op with type ``

Task 536. (op id: 926)
  skipping op with type ``

Task 537. (op id: 927)
  skipping op with type ``

Task 538. (op id: 928)
  skipping op with type ``

Task 539. (op id: 929)
  skipping op with type ``

Task 540. (op id: 930)
  skipping op with type ``

Task 541. (op id: 931)
  skipping op with type ``

Task 542. (op id: 932)
  skipping op with type ``

Task 543. (op id: 933)
  skipping op with type ``

Task 544. (op id: 934)
  skipping op with type ``

Task 545. (op id: 935)
  skipping op with type ``

Task 546. (op id: 936)
  start parse
  author: Nasa and Rigel
  WEST CMD: 2nd Lt. C. McHellsten
    failed to find commander in select
  EAST CMD: CSF_Lollo
  save verified data

Task 547. (op id: 937)
  start parse
  author: Rigel and Nasa
  save verified data

Task 548. (op id: 938)
  start parse
  author: Rigel and Nasa
  save verified data

Task 549. (op id: 939)
  start parse
  author: Hippie but with 8 hours of sleep
  save verified data

Task 550. (op id: 940)
  start parse
  author: rigello
  save verified data

Task 551. (op id: 941)
  start parse
  author: Hippie but with 8 hours of sleep
  save verified data

Task 552. (op id: 942)
  start parse
  author: rigello
  save verified data

Task 553. (op id: 943)
  start parse
  author: Hippie but with 8 hours of sleep
  save verified data

Task 554. (op id: 944)
  start parse
  author: Hippie but with 8 hours of sleep
  save verified data

Task 555. (op id: 949)
  start parse
  author: Manchot [OFCRA]
  winner: EAST
  WEST CMD: Nasa
  EAST CMD: Manchot
  save verified data

Task 556. (op id: 950)
  start parse
  author: Manchot [OFCRA]
  save verified data

Task 557. (op id: 951)
  start parse
  author: Manchot [OFCRA]
  save verified data

Task 558. (op id: 954)
  start parse
  author: I have been advised to not make this meme
  save verified data

Task 559. (op id: 955)
  start parse
  author: Hippie
  save verified data

Task 560. (op id: 956)
  start parse
  author: Hippie
  save verified data

Task 561. (op id: 957)
  start parse
  author: rigello
  save verified data

Task 562. (op id: 958)
  already parsed

Task 563. (op id: 959)
  start parse
  author: Hippie
  save verified data

Task 564. (op id: 960)
  start parse
  author: I have been advised to not make this meme
  save verified data

Task 565. (op id: 961)
  start parse
  author: rigello
  save verified data

Task 566. (op id: 965)
  start parse
  author: Wriggle and nasa
  winner: WEST
  WEST CMD: Hippie
  EAST CMD: CSF_Lollo
  save verified data

Task 567. (op id: 966)
  start parse
  author: Rasa and Nigel
  save verified data

Task 568. (op id: 967)
  start parse
  author: Rasa and Nigel
  save verified data

Task 569. (op id: 968)
  start parse
  author: Hippie
  save verified data

Task 570. (op id: 969)
  start parse
  author: Hippie but with 8 hours of sleep
  save verified data

Task 571. (op id: 970)
  start parse
  author: Hippie
  save verified data

Task 572. (op id: 971)
  start parse
  author: Hippie
  save verified data

Task 573. (op id: 972)
  start parse
  author: Hippie
  save verified data

Task 574. (op id: 973)
  start parse
  author: Hippie but with 8 hours of sleep
  save verified data

Task 575. (op id: 974)
  start parse
  author: Hippie
  save verified data

Task 576. (op id: 975)
  start parse
  author: Hippie
  winner: WEST
  WEST CMD: Manchot
  EAST CMD: Nasa
  save verified data

Task 577. (op id: 976)
  start parse
  author: Hippie
  save verified data

Task 578. (op id: 991)
  start parse
  author: Nasa & Rigel
  winner: EAST
  WEST CMD: Hippie
  EAST CMD: CSF_Lollo
  save verified data

Task 579. (op id: 992)
  start parse
  author: Hippie spending 12 hours a day for 30 days thinking about coffee
  save verified data

Task 580. (op id: 1014)
  start parse
  author: Hippies massive UK flag
  WEST CMD: Nasa
  EAST CMD: Hippie
  save verified data

Task 581. (op id: 1020)
  start parse
  author: Hippie
  winner: EAST
  WEST CMD: Jonathan
  EAST CMD: GoatLand
  save verified data

Task 582. (op id: 1021)
  skipping op with type ``

Task 583. (op id: 1023)
  skipping op with type ``

Task 584. (op id: 1024)
  skipping op with type ``

Task 585. (op id: 1025)
  skipping op with type ``

Task 586. (op id: 1026)
  skipping op with type ``

Task 587. (op id: 1027)
  skipping op with type ``

Task 588. (op id: 1028)
  skipping op with type ``

Task 589. (op id: 1029)
  skipping op with type ``

Task 590. (op id: 1030)
  skipping op with type ``

Task 591. (op id: 1031)
  skipping op with type ``

Task 592. (op id: 1032)
  skipping op with type ``

Task 593. (op id: 1033)
  skipping op with type ``

Task 594. (op id: 1034)
  skipping op with type ``

Task 595. (op id: 1035)
  start parse
  author: Manchot [OFCRA]
  winner: EAST
  WEST CMD: 2nd Lt. C. McHellsten
    failed to find commander in select
  EAST CMD: Nasa
  save verified data

Task 596. (op id: 1036)
  start parse
  author: Manchot [OFCRA]
  save verified data

Task 597. (op id: 1047)
  start parse
  author: Nasa
  save verified data

Task 598. (op id: 1048)
  skipping op with less than `7` players

Task 599. (op id: 1062)
  start parse
  author: Hippie
  winner: EAST
  WEST CMD: Hippie
    failed to find commander in select
  EAST CMD: Nasa
  save verified data

Task 600. (op id: 1063)
  start parse
  author: Hippie
  save verified data

Task 601. (op id: 1064)
  start parse
  author: Hippie
  save verified data

Task 602. (op id: 1070)
  start parse
  author: Hippie
  save verified data

Task 603. (op id: 1071)
  start parse
  author: Hippie
  save verified data

Task 604. (op id: 1072)
  start parse
  author: rigello
  save verified data

Task 605. (op id: 1073)
  start parse
  author: Hippie
  save verified data

Task 606. (op id: 1074)
  start parse
  author: Nasa
  save verified data

Task 607. (op id: 1075)
  skipping op with type ``

Task 608. (op id: 1086)
  start parse
  author: VeXen
  save verified data

Task 609. (op id: 1087)
  start parse
  author: Hippie
  save verified data

Task 610. (op id: 1088)
  skipping op with type ``

Task 611. (op id: 1101)
  start parse
  author: Hippie
  save verified data

Task 612. (op id: 1102)
  skipping op with type ``

Task 613. (op id: 1103)
  skipping op with type ``

Task 614. (op id: 1104)
  skipping op with type ``

Task 615. (op id: 1105)
  skipping op with type ``

Task 616. (op id: 1106)
  skipping op with type ``

Task 617. (op id: 1107)
  skipping op with type ``

Task 618. (op id: 1108)
  skipping op with type ``

Task 619. (op id: 1109)
  skipping op with type ``

Task 620. (op id: 1110)
  skipping op with type ``

Task 621. (op id: 1111)
  skipping op with type ``

Task 622. (op id: 1112)
  skipping op with type ``

Task 623. (op id: 1113)
  start parse
  author: Nasa
  save verified data

Task 624. (op id: 1114)
  start parse
  author: This is not Hippies mission
  save verified data

Task 625. (op id: 1115)
  skipping op with type ``

Task 626. (op id: 1116)
  skipping op with type ``

Task 627. (op id: 1117)
  skipping op with type ``

Task 628. (op id: 1118)
  skipping op with type ``

Task 629. (op id: 1119)
  skipping op with type ``

Task 630. (op id: 1120)
  skipping op with type ``

Task 631. (op id: 1121)
  skipping op with type ``

Task 632. (op id: 1122)
  skipping op with type ``

Task 633. (op id: 1123)
  skipping op with type ``

Task 634. (op id: 1124)
  skipping op with type ``

Task 635. (op id: 1125)
  skipping op with type ``

Task 636. (op id: 1126)
  start parse
  author: Manchot [OFCRA]
  winner: WEST
  WEST CMD: Pogo_
  EAST CMD: Nasa
  save verified data

Task 637. (op id: 1128)
  start parse
  author: Manchot [OFCRA]
  save verified data

Task 638. (op id: 1133)
  start parse
  author: Phk4900
  winner: WEST
  WEST CMD: CSF_Lollo
  EAST CMD: P. Jonathan
    failed to find commander in select
  save verified data

Task 639. (op id: 1148)
  start parse
  author: rigello
  winner: EAST
  WEST CMD: [FJB49]Roland
  EAST CMD: Nasa
  save verified data

Task 640. (op id: 1150)
  start parse
  author: rigello
  save verified data

Task 641. (op id: 1151)
  skipping op with type ``

Task 642. (op id: 1152)
  skipping op with type ``

Task 643. (op id: 1153)
  skipping op with type ``

Task 644. (op id: 1154)
  skipping op with type ``

Task 645. (op id: 1155)
  start parse
  author: rigello
  save verified data

Task 646. (op id: 1156)
  start parse
  author: Special Thanks to Rigel and Pogo
  WEST CMD: [FJB49] Ezio
    failed to find commander in select
  EAST CMD: ilbinek
  save verified data

Task 647. (op id: 1157)
  start parse
  author: Nasa
  save verified data

Task 648. (op id: 1161)
  start parse
  author: ilbinek
  winner: EAST
  WEST CMD: Manchot
  EAST CMD: 2nd Lt. C. McHellsten
    failed to find commander in select
  save verified data

Task 649. (op id: 1162)
  start parse
  author: ilbinek
  save verified data

Task 650. (op id: 1163)
  start parse
  author: VeXen & Giovanni
  save verified data

Task 651. (op id: 1164)
  skipping op with type ``

Task 652. (op id: 1165)
  start parse
  author: Manchot [OFCRA]
  winner: EAST
  WEST CMD: Jonathan
  EAST CMD: 2nd Lt. C. McHellsten
    failed to find commander in select
  save verified data

Task 653. (op id: 1166)
  start parse
  author: Manchot [OFCRA]
  save verified data

Task 654. (op id: 1168)
  skipping op with type ``

Task 655. (op id: 1169)
  skipping op with type ``

Task 656. (op id: 1170)
  skipping op with type ``

Task 657. (op id: 1171)
  skipping op with type ``

Task 658. (op id: 1172)
  skipping op with type ``

Task 659. (op id: 1173)
  skipping op with type ``

Task 660. (op id: 1174)
  skipping op with type ``

Task 661. (op id: 1175)
  skipping op with type ``

Task 662. (op id: 1176)
  skipping op with type ``

Task 663. (op id: 1177)
  start parse
  author: Nasa
  WEST CMD: CSF_Lollo
  EAST CMD: Always
  save verified data

Task 664. (op id: 1187)
  start parse
  author: rigello
  save verified data

Task 665. (op id: 1197)
  start parse
  author: Phk4900 with the help of Rigel
  winner: WEST
  WEST CMD: Kubackiewicz
  EAST CMD: Always
  save verified data

Task 666. (op id: 1198)
  start parse
  author: Phk4900
  save verified data

Task 667. (op id: 1211)
  start parse
  author: Nasa
  WEST CMD: Phk4900
    failed to find commander in select
  EAST CMD: CSF_Lollo
    failed to find commander in select
  save verified data

Task 668. (op id: 1224)
  start parse
  author: Rigel and nasa
  winner: WEST
  WEST CMD: Pogo_
  EAST CMD: [AA] Shy
    failed to find commander in select
  save verified data

Task 669. (op id: 1226)
  start parse
  author: Duel creator
  save verified data

Task 670. (op id: 1241)
  start parse
  author: rigello
  winner: EAST
  WEST CMD: CSF_Lollo
  EAST CMD: Flip4Flap
  save verified data

Task 671. (op id: 1242)
  start parse
  author: Manchot [OFCRA]
  winner: EAST
  WEST CMD: Kubackiewicz
  EAST CMD: Flip4Flap
  save verified data

Task 672. (op id: 1243)
  skipping op with type ``

